<?xml version="1.0" encoding="UTF-8"?>
<testng-results ignored="0" total="1" passed="1" failed="0" skipped="0">
  <reporter-output>
  </reporter-output>
  <suite started-at="2024-03-15T07:22:19Z" name="Default suite" finished-at="2024-03-15T07:23:19Z" duration-ms="59990">
    <groups>
    </groups>
    <test started-at="2024-03-15T07:22:19Z" name="Default test" finished-at="2024-03-15T07:23:19Z" duration-ms="59990">
      <class name="basic.OrganizationsTest">
        <test-method signature="CreateOrganizationsTest()[pri:0, instance:basic.OrganizationsTest@12d2ce03]" started-at="2024-03-15T12:52:19Z" name="CreateOrganizationsTest" finished-at="2024-03-15T12:53:19Z" duration-ms="59952" status="PASS">
          <reporter-output>
          </reporter-output>
        </test-method> <!-- CreateOrganizationsTest -->
      </class> <!-- basic.OrganizationsTest -->
    </test> <!-- Default test -->
  </suite> <!-- Default suite -->
</testng-results>
